<?xml version="1.0" encoding="UTF-8"?>
<!-- Generated by org.testng.reporters.JUnitReportReporter -->
<testsuite hostname="StefanHou-PC" name="FrameWork.TestEmployeeDetails" tests="2" failures="0" timestamp="5 Dec 2014 06:06:41 GMT" time="0.009" errors="0">
  <testcase name="testCalculateYearlySalary" time="0.000" classname="FrameWork.TestEmployeeDetails"/>
  <testcase name="testCalculateAppriasal" time="0.009" classname="FrameWork.TestEmployeeDetails"/>
</testsuite> <!-- FrameWork.TestEmployeeDetails -->
